This is XeTeX, Version 3.14159265-2.6-0.99999 (MiKTeX 2.9.6930 64-bit) (preloaded format=xelatex 2019.1.15)  28 MAY 2022 15:41
entering extended mode
**./affinepaving.tex
(affinepaving.tex
LaTeX2e <2018-12-01>

("C:\Users\Administrator\AppData\Local\Programs\MiKTeX 2.9\tex/latex/amscls\ams
art.cls"
Document Class: amsart 2017/10/31 v2.20.4
\linespacing=\dimen102
\normalparindent=\dimen103
\normaltopskip=\skip41

("C:\Users\Administrator\AppData\Local\Programs\MiKTeX 2.9\tex/latex/amsmath\am
smath.sty"
Package: amsmath 2018/12/01 v2.17b AMS math features
\@mathmargin=\skip42

For additional information on amsmath, use the `?' option.

("C:\Users\Administrator\AppData\Local\Programs\MiKTeX 2.9\tex/latex/amsmath\am
stext.sty"
Package: amstext 2000/06/29 v2.01 AMS text

("C:\Users\Administrator\AppData\Local\Programs\MiKTeX 2.9\tex/latex/amsmath\am
sgen.sty"
File: amsgen.sty 1999/11/30 v2.0 generic functions
\@emptytoks=\toks14
\ex@=\dimen104
))
("C:\Users\Administrator\AppData\Local\Programs\MiKTeX 2.9\tex/latex/amsmath\am
sbsy.sty"
Package: amsbsy 1999/11/29 v1.2d Bold Symbols
\pmbraise@=\dimen105
)
("C:\Users\Administrator\AppData\Local\Programs\MiKTeX 2.9\tex/latex/amsmath\am
sopn.sty"
Package: amsopn 2016/03/08 v2.02 operator names
)
\inf@bad=\count80
LaTeX Info: Redefining \frac on input line 223.
\uproot@=\count81
\leftroot@=\count82
LaTeX Info: Redefining \overline on input line 385.
\classnum@=\count83
\DOTSCASE@=\count84
LaTeX Info: Redefining \ldots on input line 482.
LaTeX Info: Redefining \dots on input line 485.
LaTeX Info: Redefining \cdots on input line 606.
\Mathstrutbox@=\box27
\strutbox@=\box28
\big@size=\dimen106
LaTeX Font Info:    Redeclaring font encoding OML on input line 729.
LaTeX Font Info:    Redeclaring font encoding OMS on input line 730.
\macc@depth=\count85
\c@MaxMatrixCols=\count86
\dotsspace@=\muskip10
\c@parentequation=\count87
\dspbrk@lvl=\count88
\tag@help=\toks15
\row@=\count89
\column@=\count90
\maxfields@=\count91
\andhelp@=\toks16
\eqnshift@=\dimen107
\alignsep@=\dimen108
\tagshift@=\dimen109
\tagwidth@=\dimen110
\totwidth@=\dimen111
\lineht@=\dimen112
\@envbody=\toks17
\multlinegap=\skip43
\multlinetaggap=\skip44
\mathdisplay@stack=\toks18
LaTeX Info: Redefining \[ on input line 2844.
LaTeX Info: Redefining \] on input line 2845.
)
LaTeX Font Info:    Try loading font information for U+msa on input line 398.

("C:\Users\Administrator\AppData\Local\Programs\MiKTeX 2.9\tex/latex/amsfonts\u
msa.fd"
File: umsa.fd 2013/01/14 v3.01 AMS symbols A
)
("C:\Users\Administrator\AppData\Local\Programs\MiKTeX 2.9\tex/latex/amsfonts\a
msfonts.sty"
Package: amsfonts 2013/01/14 v3.01 Basic AMSFonts support
\symAMSa=\mathgroup4
\symAMSb=\mathgroup5
LaTeX Font Info:    Overwriting math alphabet `\mathfrak' in version `bold'
(Font)                  U/euf/m/n --> U/euf/b/n on input line 106.
)
\copyins=\insert199
\abstractbox=\box29
\listisep=\skip45
\c@part=\count92
\c@section=\count93
\c@subsection=\count94
\c@subsubsection=\count95
\c@paragraph=\count96
\c@subparagraph=\count97
\c@figure=\count98
\c@table=\count99
\abovecaptionskip=\skip46
\belowcaptionskip=\skip47
\captionindent=\dimen113
\thm@style=\toks19
\thm@bodyfont=\toks20
\thm@headfont=\toks21
\thm@notefont=\toks22
\thm@headpunct=\toks23
\thm@preskip=\skip48
\thm@postskip=\skip49
\thm@headsep=\skip50
\dth@everypar=\toks24
)
("C:\Users\Administrator\AppData\Local\Programs\MiKTeX 2.9\tex/latex/amsfonts\a
mssymb.sty"
Package: amssymb 2013/01/14 v3.01 AMS font symbols
)
("C:\Users\Administrator\AppData\Local\Programs\MiKTeX 2.9\tex/latex/tools\bm.s
ty"
Package: bm 2017/01/16 v1.2c Bold Symbol Support (DPC/FMi)
\symboldoperators=\mathgroup6
\symboldletters=\mathgroup7
\symboldsymbols=\mathgroup8
LaTeX Font Info:    Redeclaring math alphabet \mathbf on input line 141.
LaTeX Info: Redefining \bm on input line 207.
)
("C:\Users\Administrator\AppData\Local\Programs\MiKTeX 2.9\tex/latex/caption\ca
ption.sty"
Package: caption 2020/01/03 v3.4h Customizing captions (AR)

("C:\Users\Administrator\AppData\Local\Programs\MiKTeX 2.9\tex/latex/caption\ca
ption3.sty"
Package: caption3 2020/01/03 v1.8h caption3 kernel (AR)
Package caption3 Info: TeX engine: e-TeX on input line 61.

("C:\Users\Administrator\AppData\Local\Programs\MiKTeX 2.9\tex/latex/graphics\k
eyval.sty"
Package: keyval 2014/10/28 v1.15 key=value parser (DPC)
\KV@toks@=\toks25
)
\captionmargin=\dimen114
\captionmargin@=\dimen115
\captionwidth=\dimen116
\caption@tempdima=\dimen117
\caption@indent=\dimen118
\caption@parindent=\dimen119
\caption@hangindent=\dimen120
Package caption Info: AMS or SMF document class detected.
)
Package caption Info: AMS or SMF document class.
\c@caption@flags=\count100
\c@continuedfloat=\count101
)
("C:\Users\Administrator\AppData\Local\Programs\MiKTeX 2.9\tex/latex/caption\su
bcaption.sty"
Package: subcaption 2020/01/22 v1.3d Sub-captions (AR)
\c@subfigure=\count102
\c@subtable=\count103
)
("C:\Users\Administrator\AppData\Local\Programs\MiKTeX 2.9\tex/latex/graphics\g
raphicx.sty"
Package: graphicx 2017/06/01 v1.1a Enhanced LaTeX Graphics (DPC,SPQR)

("C:\Users\Administrator\AppData\Local\Programs\MiKTeX 2.9\tex/latex/graphics\g
raphics.sty"
Package: graphics 2017/06/25 v1.2c Standard LaTeX Graphics (DPC,SPQR)

("C:\Users\Administrator\AppData\Local\Programs\MiKTeX 2.9\tex/latex/graphics\t
rig.sty"
Package: trig 2016/01/03 v1.10 sin cos tan (DPC)
)
("C:\Users\Administrator\AppData\Local\Programs\MiKTeX 2.9\tex/latex/graphics-c
fg\graphics.cfg"
File: graphics.cfg 2016/06/04 v1.11 sample graphics configuration
)
Package graphics Info: Driver file: xetex.def on input line 99.

("C:\Users\Administrator\AppData\Local\Programs\MiKTeX 2.9\tex/latex/graphics-d
ef\xetex.def"
File: xetex.def 2017/06/24 v5.0h Graphics/color driver for xetex
))
\Gin@req@height=\dimen121
\Gin@req@width=\dimen122
)
("C:\Users\Administrator\AppData\Local\Programs\MiKTeX 2.9\tex/latex/tools\enum
erate.sty"
Package: enumerate 2015/07/23 v3.00 enumerate extensions (DPC)
\@enLab=\toks26
)
("C:\Users\Administrator\AppData\Local\Programs\MiKTeX 2.9\tex/latex/amsfonts\e
ucal.sty"
Package: eucal 2009/06/22 v3.00 Euler Script fonts
LaTeX Font Info:    Overwriting math alphabet `\EuScript' in version `bold'
(Font)                  U/eus/m/n --> U/eus/b/n on input line 33.
)
("C:\Users\Administrator\AppData\Local\Programs\MiKTeX 2.9\tex/latex/float\floa
t.sty"
Package: float 2001/11/08 v1.3d Float enhancements (AL)
\c@float@type=\count104
\float@exts=\toks27
\float@box=\box30
\@float@everytoks=\toks28
\@floatcapt=\box31
)
("C:\Users\Administrator\AppData\Local\Programs\MiKTeX 2.9\tex/latex/jknappen\m
athrsfs.sty"
Package: mathrsfs 1996/01/01 Math RSFS package v1.0 (jk)
\symrsfs=\mathgroup9
)
("C:\Users\Administrator\AppData\Local\Programs\MiKTeX 2.9\tex/latex/tools\mult
icol.sty"
Package: multicol 2018/11/09 v1.8u multicolumn formatting (FMi)
\c@tracingmulticols=\count105
\mult@box=\box32
\multicol@leftmargin=\dimen123
\c@unbalance=\count106
\c@collectmore=\count107
\doublecol@number=\count108
\multicoltolerance=\count109
\multicolpretolerance=\count110
\full@width=\dimen124
\page@free=\dimen125
\premulticols=\dimen126
\postmulticols=\dimen127
\multicolsep=\skip51
\multicolbaselineskip=\skip52
\partial@page=\box33
\last@line=\box34
\maxbalancingoverflow=\dimen128
\mult@rightbox=\box35
\mult@grightbox=\box36
\mult@gfirstbox=\box37
\mult@firstbox=\box38
\@tempa=\box39
\@tempa=\box40
\@tempa=\box41
\@tempa=\box42
\@tempa=\box43
\@tempa=\box44
\@tempa=\box45
\@tempa=\box46
\@tempa=\box47
\@tempa=\box48
\@tempa=\box49
\@tempa=\box50
\@tempa=\box51
\@tempa=\box52
\@tempa=\box53
\@tempa=\box54
\@tempa=\box55
\c@columnbadness=\count111
\c@finalcolumnbadness=\count112
\last@try=\dimen129
\multicolovershoot=\dimen130
\multicolundershoot=\dimen131
\mult@nat@firstbox=\box56
\colbreak@box=\box57
\mc@col@check@num=\count113
)
("C:\Users\Administrator\AppData\Local\Programs\MiKTeX 2.9\tex/latex/multirow\m
ultirow.sty"
Package: multirow 2019/01/01 v2.4 Span multiple rows of a table
\multirow@colwidth=\skip53
\multirow@cntb=\count114
\multirow@dima=\skip54
\bigstrutjot=\dimen132
)
("C:\Users\Administrator\AppData\Local\Programs\MiKTeX 2.9\tex/generic/xypic\xy
.sty"
("C:\Users\Administrator\AppData\Local\Programs\MiKTeX 2.9\tex/generic/xypic\xy
.tex" Bootstrap'ing: catcodes, docmode,
("C:\Users\Administrator\AppData\Local\Programs\MiKTeX 2.9\tex/generic/xypic\xy
recat.tex")
("C:\Users\Administrator\AppData\Local\Programs\MiKTeX 2.9\tex/generic/xypic\xy
idioms.tex")

 Xy-pic version 3.8.9 <2013/10/06>
 Copyright (c) 1991-2013 by Kristoffer H. Rose <krisrose@tug.org> and others
 Xy-pic is free software: see the User's Guide for details.

Loading kernel: messages; fonts; allocations: state,
\X@c=\dimen133
\Y@c=\dimen134
\U@c=\dimen135
\D@c=\dimen136
\L@c=\dimen137
\R@c=\dimen138
\Edge@c=\toks29
\X@p=\dimen139
\Y@p=\dimen140
\U@p=\dimen141
\D@p=\dimen142
\L@p=\dimen143
\R@p=\dimen144
\Edge@p=\toks30
\X@origin=\dimen145
\Y@origin=\dimen146
\X@xbase=\dimen147
\Y@xbase=\dimen148
\X@ybase=\dimen149
\Y@ybase=\dimen150
\X@min=\dimen151
\Y@min=\dimen152
\X@max=\dimen153
\Y@max=\dimen154
\lastobjectbox@=\box58
\zerodotbox@=\box59
\almostz@=\dimen155
 direction,
\d@X=\dimen156
\d@Y=\dimen157
\K@=\count115
\KK@=\count116
\Direction=\count117
\K@dXdY=\dimen158
\K@dYdX=\dimen159
\xyread@=\read1
\xywrite@=\write3
\csp@=\count118
\quotPTK@=\dimen160

utility macros; pictures: \xy, positions,
\swaptoks@@=\toks31
\connectobjectbox@@=\box60
 objects,
\styletoks@=\toks32
 decorations;
kernel objects: directionals, circles, text; options; algorithms: directions,
edges, connections;  Xy-pic loaded)
("C:\Users\Administrator\AppData\Local\Programs\MiKTeX 2.9\tex/generic/oberdiek
\ifpdf.sty"
Package: ifpdf 2018/09/07 v3.3 Provides the ifpdf switch
)
Package: xy 2013/10/06 Xy-pic version 3.8.9

("C:\Users\Administrator\AppData\Local\Programs\MiKTeX 2.9\tex/generic/xypic\xy
all.tex"  Xy-pic option: All features v.3.8
("C:\Users\Administrator\AppData\Local\Programs\MiKTeX 2.9\tex/generic/xypic\xy
curve.tex"  Xy-pic option: Curve and Spline extension v.3.12 curve,
\crv@cnt@=\count119
\crvpts@=\toks33
\splinebox@=\box61
\splineval@=\dimen161
\splinedepth@=\dimen162
\splinetol@=\dimen163
\splinelength@=\dimen164
 circles,
\L@=\dimen165

loaded)
("C:\Users\Administrator\AppData\Local\Programs\MiKTeX 2.9\tex/generic/xypic\xy
frame.tex"  Xy-pic option: Frame and Bracket extension v.3.14 loaded)
("C:\Users\Administrator\AppData\Local\Programs\MiKTeX 2.9\tex/generic/xypic\xy
cmtip.tex"  Xy-pic option: Computer Modern tip extension v.3.7
("C:\Users\Administrator\AppData\Local\Programs\MiKTeX 2.9\tex/generic/xypic\xy
tips.tex"  Xy-pic option: More Tips extension v.3.11 loaded) loaded)
("C:\Users\Administrator\AppData\Local\Programs\MiKTeX 2.9\tex/generic/xypic\xy
line.tex"  Xy-pic option: Line styles extension v.3.10
\xylinethick@=\dimen166
 loaded)
("C:\Users\Administrator\AppData\Local\Programs\MiKTeX 2.9\tex/generic/xypic\xy
rotate.tex"  Xy-pic option: Rotate and Scale extension v.3.8 loaded)
("C:\Users\Administrator\AppData\Local\Programs\MiKTeX 2.9\tex/generic/xypic\xy
color.tex"  Xy-pic option: Colour extension v.3.11 loaded)
("C:\Users\Administrator\AppData\Local\Programs\MiKTeX 2.9\tex/generic/xypic\xy
matrix.tex"  Xy-pic option: Matrix feature v.3.14
\Row=\count120
\Col=\count121
\queue@=\toks34
\queue@@=\toks35
\qcount@=\count122
\qcount@@=\count123
\matrixsize@=\count124
 loaded)
("C:\Users\Administrator\AppData\Local\Programs\MiKTeX 2.9\tex/generic/xypic\xy
arrow.tex"  Xy-pic option: Arrow and Path feature v.3.9 path, \ar, loaded)
("C:\Users\Administrator\AppData\Local\Programs\MiKTeX 2.9\tex/generic/xypic\xy
graph.tex"  Xy-pic option: Graph feature v.3.11 loaded) loaded)
("C:\Users\Administrator\AppData\Local\Programs\MiKTeX 2.9\tex/generic/xypic\xy
pdf.tex"
Invalid UTF-8 byte or sequence at line 10 replaced by U+FFFD.
Invalid UTF-8 byte or sequence at line 57 replaced by U+FFFD.
  Xy-pic option: PDF driver v.1.7
Xy-pic pdf driver: `color' extension support
("C:\Users\Administrator\AppData\Local\Programs\MiKTeX 2.9\tex/generic/xypic\xy
pdf-co.tex"
Invalid UTF-8 byte or sequence at line 10 replaced by U+FFFD.
Invalid UTF-8 byte or sequence at line 57 replaced by U+FFFD.
 loaded) Xy-pic pdf driver: `curve' extension support
("C:\Users\Administrator\AppData\Local\Programs\MiKTeX 2.9\tex/generic/xypic\xy
pdf-cu.tex"
Invalid UTF-8 byte or sequence at line 10 replaced by U+FFFD.
Invalid UTF-8 byte or sequence at line 57 replaced by U+FFFD.
 loaded) Xy-pic pdf driver: `frame' extension support
("C:\Users\Administrator\AppData\Local\Programs\MiKTeX 2.9\tex/generic/xypic\xy
pdf-fr.tex"
Invalid UTF-8 byte or sequence at line 10 replaced by U+FFFD.
Invalid UTF-8 byte or sequence at line 57 replaced by U+FFFD.
 loaded) Xy-pic pdf driver: `line' extension support
("C:\Users\Administrator\AppData\Local\Programs\MiKTeX 2.9\tex/generic/xypic\xy
pdf-li.tex"
Invalid UTF-8 byte or sequence at line 10 replaced by U+FFFD.
Invalid UTF-8 byte or sequence at line 57 replaced by U+FFFD.
 loaded) Xy-pic pdf driver: `rotate' extension support
("C:\Users\Administrator\AppData\Local\Programs\MiKTeX 2.9\tex/generic/xypic\xy
pdf-ro.tex"
Invalid UTF-8 byte or sequence at line 10 replaced by U+FFFD.
Invalid UTF-8 byte or sequence at line 57 replaced by U+FFFD.
 loaded) loaded))
("C:\Users\Administrator\AppData\Local\Programs\MiKTeX 2.9\tex/latex/geometry\g
eometry.sty"
Package: geometry 2018/04/16 v5.8 Page Geometry

("C:\Users\Administrator\AppData\Local\Programs\MiKTeX 2.9\tex/generic/oberdiek
\ifvtex.sty"
Package: ifvtex 2016/05/16 v1.6 Detect VTeX and its facilities (HO)
Package ifvtex Info: VTeX not detected.
)
("C:\Users\Administrator\AppData\Local\Programs\MiKTeX 2.9\tex/generic/ifxetex\
ifxetex.sty"
Package: ifxetex 2010/09/12 v0.6 Provides ifxetex conditional
)
\Gm@cnth=\count125
\Gm@cntv=\count126
\c@Gm@tempcnt=\count127
\Gm@bindingoffset=\dimen167
\Gm@wd@mp=\dimen168
\Gm@odd@mp=\dimen169
\Gm@even@mp=\dimen170
\Gm@layoutwidth=\dimen171
\Gm@layoutheight=\dimen172
\Gm@layouthoffset=\dimen173
\Gm@layoutvoffset=\dimen174
\Gm@dimlist=\toks36

("C:\Users\Administrator\AppData\Local\Programs\MiKTeX 2.9\tex/xelatex/xetexcon
fig\geometry.cfg"))
("C:\Users\Administrator\AppData\Local\Programs\MiKTeX 2.9\tex/latex/xcolor\xco
lor.sty"
Package: xcolor 2016/05/11 v2.12 LaTeX color extensions (UK)

("C:\Users\Administrator\AppData\Local\Programs\MiKTeX 2.9\tex/latex/graphics-c
fg\color.cfg"
File: color.cfg 2016/01/02 v1.6 sample color configuration
)
Package xcolor Info: Driver file: xetex.def on input line 225.

("C:\Users\Administrator\AppData\Local\Programs\MiKTeX 2.9\tex/latex/colortbl\c
olortbl.sty"
Package: colortbl 2018/12/12 v1.0d Color table columns (DPC)

("C:\Users\Administrator\AppData\Local\Programs\MiKTeX 2.9\tex/latex/tools\arra
y.sty"
Package: array 2018/11/13 v2.4j Tabular extension package (FMi)
\col@sep=\dimen175
\ar@mcellbox=\box62
\extrarowheight=\dimen176
\NC@list=\toks37
\extratabsurround=\skip55
\backup@length=\skip56
\ar@cellbox=\box63
)
\everycr=\toks38
\minrowclearance=\skip57
)
\rownum=\count128
Package xcolor Info: Model `cmy' substituted by `cmy0' on input line 1348.
Package xcolor Info: Model `RGB' extended on input line 1364.
Package xcolor Info: Model `HTML' substituted by `rgb' on input line 1366.
Package xcolor Info: Model `Hsb' substituted by `hsb' on input line 1367.
Package xcolor Info: Model `tHsb' substituted by `hsb' on input line 1368.
Package xcolor Info: Model `HSB' substituted by `hsb' on input line 1369.
Package xcolor Info: Model `Gray' substituted by `gray' on input line 1370.
Package xcolor Info: Model `wave' substituted by `hsb' on input line 1371.
)
("C:\Users\Administrator\AppData\Local\Programs\MiKTeX 2.9\tex/latex/tikz-cd\ti
kz-cd.sty"
Package: tikz-cd 2018/11/19 v0.9f Commutative diagrams with TikZ

("C:\Users\Administrator\AppData\Local\Programs\MiKTeX 2.9\tex/latex/pgf/fronte
ndlayer\tikz.sty"
("C:\Users\Administrator\AppData\Local\Programs\MiKTeX 2.9\tex/latex/pgf/basicl
ayer\pgf.sty"
("C:\Users\Administrator\AppData\Local\Programs\MiKTeX 2.9\tex/latex/pgf/utilit
ies\pgfrcs.sty"
("C:\Users\Administrator\AppData\Local\Programs\MiKTeX 2.9\tex/generic/pgf/util
ities\pgfutil-common.tex"
\pgfutil@everybye=\toks39
\pgfutil@tempdima=\dimen177
\pgfutil@tempdimb=\dimen178

("C:\Users\Administrator\AppData\Local\Programs\MiKTeX 2.9\tex/generic/pgf/util
ities\pgfutil-common-lists.tex"))
("C:\Users\Administrator\AppData\Local\Programs\MiKTeX 2.9\tex/generic/pgf/util
ities\pgfutil-latex.def"
\pgfutil@abb=\box64

("C:\Users\Administrator\AppData\Local\Programs\MiKTeX 2.9\tex/latex/ms\everysh
i.sty"
Package: everyshi 2001/05/15 v3.00 EveryShipout Package (MS)
))
("C:\Users\Administrator\AppData\Local\Programs\MiKTeX 2.9\tex/generic/pgf/util
ities\pgfrcs.code.tex"
("C:\Users\Administrator\AppData\Local\Programs\MiKTeX 2.9\tex/generic/pgf\pgf.
revision.tex")
Package: pgfrcs 2019/01/05 v3.1 (3.1)
))
Package: pgf 2019/01/05 v3.1 (3.1)

("C:\Users\Administrator\AppData\Local\Programs\MiKTeX 2.9\tex/latex/pgf/basicl
ayer\pgfcore.sty"
("C:\Users\Administrator\AppData\Local\Programs\MiKTeX 2.9\tex/latex/pgf/system
layer\pgfsys.sty"
("C:\Users\Administrator\AppData\Local\Programs\MiKTeX 2.9\tex/generic/pgf/syst
emlayer\pgfsys.code.tex"
Package: pgfsys 2019/01/05 v3.1 (3.1)

("C:\Users\Administrator\AppData\Local\Programs\MiKTeX 2.9\tex/generic/pgf/util
ities\pgfkeys.code.tex"
\pgfkeys@pathtoks=\toks40
\pgfkeys@temptoks=\toks41

("C:\Users\Administrator\AppData\Local\Programs\MiKTeX 2.9\tex/generic/pgf/util
ities\pgfkeysfiltered.code.tex"
\pgfkeys@tmptoks=\toks42
))
\pgf@x=\dimen179
\pgf@y=\dimen180
\pgf@xa=\dimen181
\pgf@ya=\dimen182
\pgf@xb=\dimen183
\pgf@yb=\dimen184
\pgf@xc=\dimen185
\pgf@yc=\dimen186
\w@pgf@writea=\write4
\r@pgf@reada=\read2
\c@pgf@counta=\count129
\c@pgf@countb=\count130
\c@pgf@countc=\count131
\c@pgf@countd=\count132
\t@pgf@toka=\toks43
\t@pgf@tokb=\toks44
\t@pgf@tokc=\toks45
\pgf@sys@id@count=\count133

("C:\Users\Administrator\AppData\Local\Programs\MiKTeX 2.9\tex/generic/pgf/syst
emlayer\pgf.cfg"
File: pgf.cfg 2019/01/05 v3.1 (3.1)
)
Driver file for pgf: pgfsys-xetex.def

("C:\Users\Administrator\AppData\Local\Programs\MiKTeX 2.9\tex/generic/pgf/syst
emlayer\pgfsys-xetex.def"
File: pgfsys-xetex.def 2019/01/05 v3.1 (3.1)

("C:\Users\Administrator\AppData\Local\Programs\MiKTeX 2.9\tex/generic/pgf/syst
emlayer\pgfsys-dvipdfmx.def"
File: pgfsys-dvipdfmx.def 2019/01/05 v3.1 (3.1)

("C:\Users\Administrator\AppData\Local\Programs\MiKTeX 2.9\tex/generic/pgf/syst
emlayer\pgfsys-common-pdf.def"
File: pgfsys-common-pdf.def 2019/01/05 v3.1 (3.1)
)
\pgfsys@objnum=\count134
)))
("C:\Users\Administrator\AppData\Local\Programs\MiKTeX 2.9\tex/generic/pgf/syst
emlayer\pgfsyssoftpath.code.tex"
File: pgfsyssoftpath.code.tex 2019/01/05 v3.1 (3.1)
\pgfsyssoftpath@smallbuffer@items=\count135
\pgfsyssoftpath@bigbuffer@items=\count136
)
("C:\Users\Administrator\AppData\Local\Programs\MiKTeX 2.9\tex/generic/pgf/syst
emlayer\pgfsysprotocol.code.tex"
File: pgfsysprotocol.code.tex 2019/01/05 v3.1 (3.1)
))
("C:\Users\Administrator\AppData\Local\Programs\MiKTeX 2.9\tex/generic/pgf/basi
clayer\pgfcore.code.tex"
Package: pgfcore 2019/01/05 v3.1 (3.1)

("C:\Users\Administrator\AppData\Local\Programs\MiKTeX 2.9\tex/generic/pgf/math
\pgfmath.code.tex"
("C:\Users\Administrator\AppData\Local\Programs\MiKTeX 2.9\tex/generic/pgf/math
\pgfmathcalc.code.tex"
("C:\Users\Administrator\AppData\Local\Programs\MiKTeX 2.9\tex/generic/pgf/math
\pgfmathutil.code.tex")
("C:\Users\Administrator\AppData\Local\Programs\MiKTeX 2.9\tex/generic/pgf/math
\pgfmathparser.code.tex"
\pgfmath@dimen=\dimen187
\pgfmath@count=\count137
\pgfmath@box=\box65
\pgfmath@toks=\toks46
\pgfmath@stack@operand=\toks47
\pgfmath@stack@operation=\toks48
)
("C:\Users\Administrator\AppData\Local\Programs\MiKTeX 2.9\tex/generic/pgf/math
\pgfmathfunctions.code.tex"
("C:\Users\Administrator\AppData\Local\Programs\MiKTeX 2.9\tex/generic/pgf/math
\pgfmathfunctions.basic.code.tex")
("C:\Users\Administrator\AppData\Local\Programs\MiKTeX 2.9\tex/generic/pgf/math
\pgfmathfunctions.trigonometric.code.tex")
("C:\Users\Administrator\AppData\Local\Programs\MiKTeX 2.9\tex/generic/pgf/math
\pgfmathfunctions.random.code.tex")
("C:\Users\Administrator\AppData\Local\Programs\MiKTeX 2.9\tex/generic/pgf/math
\pgfmathfunctions.comparison.code.tex")
("C:\Users\Administrator\AppData\Local\Programs\MiKTeX 2.9\tex/generic/pgf/math
\pgfmathfunctions.base.code.tex")
("C:\Users\Administrator\AppData\Local\Programs\MiKTeX 2.9\tex/generic/pgf/math
\pgfmathfunctions.round.code.tex")
("C:\Users\Administrator\AppData\Local\Programs\MiKTeX 2.9\tex/generic/pgf/math
\pgfmathfunctions.misc.code.tex")
("C:\Users\Administrator\AppData\Local\Programs\MiKTeX 2.9\tex/generic/pgf/math
\pgfmathfunctions.integerarithmetics.code.tex")))
("C:\Users\Administrator\AppData\Local\Programs\MiKTeX 2.9\tex/generic/pgf/math
\pgfmathfloat.code.tex"
\c@pgfmathroundto@lastzeros=\count138
))
("C:\Users\Administrator\AppData\Local\Programs\MiKTeX 2.9\tex/generic/pgf/basi
clayer\pgfcorepoints.code.tex"
File: pgfcorepoints.code.tex 2019/01/05 v3.1 (3.1)
\pgf@picminx=\dimen188
\pgf@picmaxx=\dimen189
\pgf@picminy=\dimen190
\pgf@picmaxy=\dimen191
\pgf@pathminx=\dimen192
\pgf@pathmaxx=\dimen193
\pgf@pathminy=\dimen194
\pgf@pathmaxy=\dimen195
\pgf@xx=\dimen196
\pgf@xy=\dimen197
\pgf@yx=\dimen198
\pgf@yy=\dimen256
\pgf@zx=\dimen257
\pgf@zy=\dimen258
)
("C:\Users\Administrator\AppData\Local\Programs\MiKTeX 2.9\tex/generic/pgf/basi
clayer\pgfcorepathconstruct.code.tex"
File: pgfcorepathconstruct.code.tex 2019/01/05 v3.1 (3.1)
\pgf@path@lastx=\dimen259
\pgf@path@lasty=\dimen260
)
("C:\Users\Administrator\AppData\Local\Programs\MiKTeX 2.9\tex/generic/pgf/basi
clayer\pgfcorepathusage.code.tex"
File: pgfcorepathusage.code.tex 2019/01/05 v3.1 (3.1)
\pgf@shorten@end@additional=\dimen261
\pgf@shorten@start@additional=\dimen262
)
("C:\Users\Administrator\AppData\Local\Programs\MiKTeX 2.9\tex/generic/pgf/basi
clayer\pgfcorescopes.code.tex"
File: pgfcorescopes.code.tex 2019/01/05 v3.1 (3.1)
\pgfpic=\box66
\pgf@hbox=\box67
\pgf@layerbox@main=\box68
\pgf@picture@serial@count=\count139
)
("C:\Users\Administrator\AppData\Local\Programs\MiKTeX 2.9\tex/generic/pgf/basi
clayer\pgfcoregraphicstate.code.tex"
File: pgfcoregraphicstate.code.tex 2019/01/05 v3.1 (3.1)
\pgflinewidth=\dimen263
)
("C:\Users\Administrator\AppData\Local\Programs\MiKTeX 2.9\tex/generic/pgf/basi
clayer\pgfcoretransformations.code.tex"
File: pgfcoretransformations.code.tex 2019/01/05 v3.1 (3.1)
\pgf@pt@x=\dimen264
\pgf@pt@y=\dimen265
\pgf@pt@temp=\dimen266
)
("C:\Users\Administrator\AppData\Local\Programs\MiKTeX 2.9\tex/generic/pgf/basi
clayer\pgfcorequick.code.tex"
File: pgfcorequick.code.tex 2019/01/05 v3.1 (3.1)
)
("C:\Users\Administrator\AppData\Local\Programs\MiKTeX 2.9\tex/generic/pgf/basi
clayer\pgfcoreobjects.code.tex"
File: pgfcoreobjects.code.tex 2019/01/05 v3.1 (3.1)
)
("C:\Users\Administrator\AppData\Local\Programs\MiKTeX 2.9\tex/generic/pgf/basi
clayer\pgfcorepathprocessing.code.tex"
File: pgfcorepathprocessing.code.tex 2019/01/05 v3.1 (3.1)
)
("C:\Users\Administrator\AppData\Local\Programs\MiKTeX 2.9\tex/generic/pgf/basi
clayer\pgfcorearrows.code.tex"
File: pgfcorearrows.code.tex 2019/01/05 v3.1 (3.1)
\pgfarrowsep=\dimen267
)
("C:\Users\Administrator\AppData\Local\Programs\MiKTeX 2.9\tex/generic/pgf/basi
clayer\pgfcoreshade.code.tex"
File: pgfcoreshade.code.tex 2019/01/05 v3.1 (3.1)
\pgf@max=\dimen268
\pgf@sys@shading@range@num=\count140
)
("C:\Users\Administrator\AppData\Local\Programs\MiKTeX 2.9\tex/generic/pgf/basi
clayer\pgfcoreimage.code.tex"
File: pgfcoreimage.code.tex 2019/01/05 v3.1 (3.1)

("C:\Users\Administrator\AppData\Local\Programs\MiKTeX 2.9\tex/generic/pgf/basi
clayer\pgfcoreexternal.code.tex"
File: pgfcoreexternal.code.tex 2019/01/05 v3.1 (3.1)
\pgfexternal@startupbox=\box69
))
("C:\Users\Administrator\AppData\Local\Programs\MiKTeX 2.9\tex/generic/pgf/basi
clayer\pgfcorelayers.code.tex"
File: pgfcorelayers.code.tex 2019/01/05 v3.1 (3.1)
)
("C:\Users\Administrator\AppData\Local\Programs\MiKTeX 2.9\tex/generic/pgf/basi
clayer\pgfcoretransparency.code.tex"
File: pgfcoretransparency.code.tex 2019/01/05 v3.1 (3.1)
)
("C:\Users\Administrator\AppData\Local\Programs\MiKTeX 2.9\tex/generic/pgf/basi
clayer\pgfcorepatterns.code.tex"
File: pgfcorepatterns.code.tex 2019/01/05 v3.1 (3.1)
)
("C:\Users\Administrator\AppData\Local\Programs\MiKTeX 2.9\tex/generic/pgf/basi
clayer\pgfcorerdf.code.tex"
File: pgfcorerdf.code.tex 2019/01/05 v3.1 (3.1)
)))
("C:\Users\Administrator\AppData\Local\Programs\MiKTeX 2.9\tex/generic/pgf/modu
les\pgfmoduleshapes.code.tex"
File: pgfmoduleshapes.code.tex 2019/01/05 v3.1 (3.1)
\pgfnodeparttextbox=\box70
)
("C:\Users\Administrator\AppData\Local\Programs\MiKTeX 2.9\tex/generic/pgf/modu
les\pgfmoduleplot.code.tex"
File: pgfmoduleplot.code.tex 2019/01/05 v3.1 (3.1)
)
("C:\Users\Administrator\AppData\Local\Programs\MiKTeX 2.9\tex/latex/pgf/compat
ibility\pgfcomp-version-0-65.sty"
Package: pgfcomp-version-0-65 2019/01/05 v3.1 (3.1)
\pgf@nodesepstart=\dimen269
\pgf@nodesepend=\dimen270
)
("C:\Users\Administrator\AppData\Local\Programs\MiKTeX 2.9\tex/latex/pgf/compat
ibility\pgfcomp-version-1-18.sty"
Package: pgfcomp-version-1-18 2019/01/05 v3.1 (3.1)
))
("C:\Users\Administrator\AppData\Local\Programs\MiKTeX 2.9\tex/latex/pgf/utilit
ies\pgffor.sty"
("C:\Users\Administrator\AppData\Local\Programs\MiKTeX 2.9\tex/latex/pgf/utilit
ies\pgfkeys.sty"
("C:\Users\Administrator\AppData\Local\Programs\MiKTeX 2.9\tex/generic/pgf/util
ities\pgfkeys.code.tex"))
("C:\Users\Administrator\AppData\Local\Programs\MiKTeX 2.9\tex/latex/pgf/math\p
gfmath.sty"
("C:\Users\Administrator\AppData\Local\Programs\MiKTeX 2.9\tex/generic/pgf/math
\pgfmath.code.tex"))
("C:\Users\Administrator\AppData\Local\Programs\MiKTeX 2.9\tex/generic/pgf/util
ities\pgffor.code.tex"
Package: pgffor 2019/01/05 v3.1 (3.1)

("C:\Users\Administrator\AppData\Local\Programs\MiKTeX 2.9\tex/generic/pgf/math
\pgfmath.code.tex")
\pgffor@iter=\dimen271
\pgffor@skip=\dimen272
\pgffor@stack=\toks49
\pgffor@toks=\toks50
))
("C:\Users\Administrator\AppData\Local\Programs\MiKTeX 2.9\tex/generic/pgf/fron
tendlayer/tikz\tikz.code.tex"
Package: tikz 2019/01/05 v3.1 (3.1)

("C:\Users\Administrator\AppData\Local\Programs\MiKTeX 2.9\tex/generic/pgf/libr
aries\pgflibraryplothandlers.code.tex"
File: pgflibraryplothandlers.code.tex 2019/01/05 v3.1 (3.1)
\pgf@plot@mark@count=\count141
\pgfplotmarksize=\dimen273
)
\tikz@lastx=\dimen274
\tikz@lasty=\dimen275
\tikz@lastxsaved=\dimen276
\tikz@lastysaved=\dimen277
\tikzleveldistance=\dimen278
\tikzsiblingdistance=\dimen279
\tikz@figbox=\box71
\tikz@figbox@bg=\box72
\tikz@tempbox=\box73
\tikz@tempbox@bg=\box74
\tikztreelevel=\count142
\tikznumberofchildren=\count143
\tikznumberofcurrentchild=\count144
\tikz@fig@count=\count145

("C:\Users\Administrator\AppData\Local\Programs\MiKTeX 2.9\tex/generic/pgf/modu
les\pgfmodulematrix.code.tex"
File: pgfmodulematrix.code.tex 2019/01/05 v3.1 (3.1)
\pgfmatrixcurrentrow=\count146
\pgfmatrixcurrentcolumn=\count147
\pgf@matrix@numberofcolumns=\count148
)
\tikz@expandcount=\count149

("C:\Users\Administrator\AppData\Local\Programs\MiKTeX 2.9\tex/generic/pgf/fron
tendlayer/tikz/libraries\tikzlibrarytopaths.code.tex"
File: tikzlibrarytopaths.code.tex 2019/01/05 v3.1 (3.1)
)))
("C:\Users\Administrator\AppData\Local\Programs\MiKTeX 2.9\tex/latex/tikz-cd\ti
kzlibrarycd.code.tex"
("C:\Users\Administrator\AppData\Local\Programs\MiKTeX 2.9\tex/generic/pgf/fron
tendlayer/tikz/libraries\tikzlibrarymatrix.code.tex"
File: tikzlibrarymatrix.code.tex 2019/01/05 v3.1 (3.1)
)
("C:\Users\Administrator\AppData\Local\Programs\MiKTeX 2.9\tex/generic/pgf/fron
tendlayer/tikz/libraries\tikzlibraryquotes.code.tex"
File: tikzlibraryquotes.code.tex 2019/01/05 v3.1 (3.1)
)
("C:\Users\Administrator\AppData\Local\Programs\MiKTeX 2.9\tex/generic/pgf/libr
aries\pgflibraryarrows.meta.code.tex"
File: pgflibraryarrows.meta.code.tex 2019/01/05 v3.1 (3.1)
\pgfarrowinset=\dimen280
\pgfarrowlength=\dimen281
\pgfarrowwidth=\dimen282
\pgfarrowlinewidth=\dimen283
))) (quiver.sty
Package: quiver 2021/01/11 quiver

("C:\Users\Administrator\AppData\Local\Programs\MiKTeX 2.9\tex/generic/pgf/fron
tendlayer/tikz/libraries\tikzlibrarycalc.code.tex"
File: tikzlibrarycalc.code.tex 2019/01/05 v3.1 (3.1)
)
("C:\Users\Administrator\AppData\Local\Programs\MiKTeX 2.9\tex/generic/pgf/fron
tendlayer/tikz/libraries\tikzlibrarydecorations.pathmorphing.code.tex"
("C:\Users\Administrator\AppData\Local\Programs\MiKTeX 2.9\tex/generic/pgf/fron
tendlayer/tikz/libraries\tikzlibrarydecorations.code.tex"
("C:\Users\Administrator\AppData\Local\Programs\MiKTeX 2.9\tex/generic/pgf/modu
les\pgfmoduledecorations.code.tex"
\pgfdecoratedcompleteddistance=\dimen284
\pgfdecoratedremainingdistance=\dimen285
\pgfdecoratedinputsegmentcompleteddistance=\dimen286
\pgfdecoratedinputsegmentremainingdistance=\dimen287
\pgf@decorate@distancetomove=\dimen288
\pgf@decorate@repeatstate=\count150
\pgfdecorationsegmentamplitude=\dimen289
\pgfdecorationsegmentlength=\dimen290
)
\tikz@lib@dec@box=\box75
)
("C:\Users\Administrator\AppData\Local\Programs\MiKTeX 2.9\tex/generic/pgf/libr
aries/decorations\pgflibrarydecorations.pathmorphing.code.tex")))
("C:\Users\Administrator\AppData\Local\Programs\MiKTeX 2.9\tex/latex/oberdiek\r
esizegather.sty"
Package: resizegather 2016/05/16 v1.3 Resize overly large equations (HO)

("C:\Users\Administrator\AppData\Local\Programs\MiKTeX 2.9\tex/latex/oberdiek\k
voptions.sty"
Package: kvoptions 2016/05/16 v3.12 Key value format for package options (HO)

("C:\Users\Administrator\AppData\Local\Programs\MiKTeX 2.9\tex/generic/oberdiek
\ltxcmds.sty"
Package: ltxcmds 2016/05/16 v1.23 LaTeX kernel commands for general use (HO)
)
("C:\Users\Administrator\AppData\Local\Programs\MiKTeX 2.9\tex/generic/oberdiek
\kvsetkeys.sty"
Package: kvsetkeys 2016/05/16 v1.17 Key value parser (HO)

("C:\Users\Administrator\AppData\Local\Programs\MiKTeX 2.9\tex/generic/oberdiek
\infwarerr.sty"
Package: infwarerr 2016/05/16 v1.4 Providing info/warning/error messages (HO)
)
("C:\Users\Administrator\AppData\Local\Programs\MiKTeX 2.9\tex/generic/oberdiek
\etexcmds.sty"
Package: etexcmds 2016/05/16 v1.6 Avoid name clashes with e-TeX commands (HO)

("C:\Users\Administrator\AppData\Local\Programs\MiKTeX 2.9\tex/generic/oberdiek
\ifluatex.sty"
Package: ifluatex 2016/05/16 v1.4 Provides the ifluatex switch (HO)
Package ifluatex Info: LuaTeX not detected.
)))))
("C:\Users\Administrator\AppData\Local\Programs\MiKTeX 2.9\tex/latex/diagbox\di
agbox.sty"
Package: diagbox 2020/02/09 v2.3 Making table heads with diagonal lines

("C:\Users\Administrator\AppData\Local\Programs\MiKTeX 2.9\tex/latex/pict2e\pic
t2e.sty"
Package: pict2e 2016/02/05 v0.3b Improved picture commands (HjG,RN,JT)

("C:\Users\Administrator\AppData\Local\Programs\MiKTeX 2.9\tex/latex/pict2e\pic
t2e.cfg"
File: pict2e.cfg 2016/02/05 v0.1u pict2e configuration for teTeX/TeXLive
)
Package pict2e Info: Driver file: xetex.def on input line 119.
Package pict2e Info: Driver file for pict2e: p2e-xetex.def on input line 121.

("C:\Users\Administrator\AppData\Local\Programs\MiKTeX 2.9\tex/latex/pict2e\p2e
-xetex.def"
File: p2e-xetex.def 2016/02/05 v0.1u Driver-dependant file (RN,HjG,JT)
)
\pIIe@GRAPH=\toks51
\@arclen=\dimen291
\@arcrad=\dimen292
\@tempdimd=\dimen293
)
("C:\Users\Administrator\AppData\Local\Programs\MiKTeX 2.9\tex/latex/tools\calc
.sty"
Package: calc 2017/05/25 v4.3 Infix arithmetic (KKT,FJ)
\calc@Acount=\count151
\calc@Bcount=\count152
\calc@Adimen=\dimen294
\calc@Bdimen=\dimen295
\calc@Askip=\skip58
\calc@Bskip=\skip59
LaTeX Info: Redefining \setlength on input line 80.
LaTeX Info: Redefining \addtolength on input line 81.
\calc@Ccount=\count153
\calc@Cskip=\skip60
)
\diagbox@boxa=\box76
\diagbox@boxb=\box77
\diagbox@boxm=\box78
\diagbox@wd=\dimen296
\diagbox@ht=\dimen297
\diagbox@insepl=\dimen298
\diagbox@insepr=\dimen299
\diagbox@outsepl=\dimen300
\diagbox@outsepr=\dimen301

("C:\Users\Administrator\AppData\Local\Programs\MiKTeX 2.9\tex/latex/fp\fp.sty"
Package: fp 1995/04/02
`Fixed Point Package', Version 0.8, April 2, 1995 (C) Michael Mehlich
("C:\Users\Administrator\AppData\Local\Programs\MiKTeX 2.9\tex/latex/fp\defpatt
ern.sty"
Package: defpattern 1994/10/12
\actioncount=\count154
)
("C:\Users\Administrator\AppData\Local\Programs\MiKTeX 2.9\tex/latex/fp\fp-basi
c.sty"
Package: fp-basic 1996/05/13
\FP@xs=\count155
\FP@xia=\count156
\FP@xib=\count157
\FP@xfa=\count158
\FP@xfb=\count159
\FP@rega=\count160
\FP@regb=\count161
\FP@regs=\count162
\FP@times=\count163
)
("C:\Users\Administrator\AppData\Local\Programs\MiKTeX 2.9\tex/latex/fp\fp-addo
ns.sty"
Package: fp-addons 1995/03/15
)
("C:\Users\Administrator\AppData\Local\Programs\MiKTeX 2.9\tex/latex/fp\fp-snap
.sty"
Package: fp-snap 1995/04/05
)
("C:\Users\Administrator\AppData\Local\Programs\MiKTeX 2.9\tex/latex/fp\fp-exp.
sty"
Package: fp-exp 1995/04/03
)
("C:\Users\Administrator\AppData\Local\Programs\MiKTeX 2.9\tex/latex/fp\fp-trig
o.sty"
Package: fp-trigo 1995/04/14
)
("C:\Users\Administrator\AppData\Local\Programs\MiKTeX 2.9\tex/latex/fp\fp-pas.
sty"
Package: fp-pas 1994/08/29
)
("C:\Users\Administrator\AppData\Local\Programs\MiKTeX 2.9\tex/latex/fp\fp-rand
om.sty"
Package: fp-random 1995/02/23
\FPseed=\count164
)
("C:\Users\Administrator\AppData\Local\Programs\MiKTeX 2.9\tex/latex/fp\fp-eqn.
sty"
Package: fp-eqn 1995/04/03
)
("C:\Users\Administrator\AppData\Local\Programs\MiKTeX 2.9\tex/latex/fp\fp-upn.
sty"
Package: fp-upn 1996/10/21
)
("C:\Users\Administrator\AppData\Local\Programs\MiKTeX 2.9\tex/latex/fp\fp-eval
.sty"
Package: fp-eval 1995/04/03
)))
("C:\Users\Administrator\AppData\Local\Programs\MiKTeX 2.9\tex/latex/hyperref\h
yperref.sty"
Package: hyperref 2018/11/30 v6.88e Hypertext links for LaTeX

("C:\Users\Administrator\AppData\Local\Programs\MiKTeX 2.9\tex/generic/oberdiek
\hobsub-hyperref.sty"
Package: hobsub-hyperref 2016/05/16 v1.14 Bundle oberdiek, subset hyperref (HO)


("C:\Users\Administrator\AppData\Local\Programs\MiKTeX 2.9\tex/generic/oberdiek
\hobsub-generic.sty"
Package: hobsub-generic 2016/05/16 v1.14 Bundle oberdiek, subset generic (HO)
Package: hobsub 2016/05/16 v1.14 Construct package bundles (HO)
Package hobsub Info: Skipping package `infwarerr' (already loaded).
Package hobsub Info: Skipping package `ltxcmds' (already loaded).
Package hobsub Info: Skipping package `ifluatex' (already loaded).
Package hobsub Info: Skipping package `ifvtex' (already loaded).
Package: intcalc 2016/05/16 v1.2 Expandable calculations with integers (HO)
Package hobsub Info: Skipping package `ifpdf' (already loaded).
Package hobsub Info: Skipping package `etexcmds' (already loaded).
Package hobsub Info: Skipping package `kvsetkeys' (already loaded).
Package: kvdefinekeys 2016/05/16 v1.4 Define keys (HO)
Package: pdftexcmds 2018/09/10 v0.29 Utility functions of pdfTeX for LuaTeX (HO
)
Package pdftexcmds Info: LuaTeX not detected.
Package pdftexcmds Info: pdfTeX >= 1.30 not detected.
Package pdftexcmds Info: \pdf@primitive is available.
Package pdftexcmds Info: \pdf@ifprimitive is available.
Package pdftexcmds Info: \pdfdraftmode not found.
Package: pdfescape 2016/05/16 v1.14 Implements pdfTeX's escape features (HO)
Package: bigintcalc 2016/05/16 v1.4 Expandable calculations on big integers (HO
)
Package: bitset 2016/05/16 v1.2 Handle bit-vector datatype (HO)
Package: uniquecounter 2016/05/16 v1.3 Provide unlimited unique counter (HO)
)
Package hobsub Info: Skipping package `hobsub' (already loaded).
Package: letltxmacro 2016/05/16 v1.5 Let assignment for LaTeX macros (HO)
Package: hopatch 2016/05/16 v1.3 Wrapper for package hooks (HO)
Package: xcolor-patch 2016/05/16 xcolor patch
Package: atveryend 2016/05/16 v1.9 Hooks at the very end of document (HO)
Package atveryend Info: \enddocument detected (standard20110627).
Package: atbegshi 2016/06/09 v1.18 At begin shipout hook (HO)
Package: refcount 2016/05/16 v3.5 Data extraction from label references (HO)
Package: hycolor 2016/05/16 v1.8 Color options for hyperref/bookmark (HO)
)
("C:\Users\Administrator\AppData\Local\Programs\MiKTeX 2.9\tex/latex/oberdiek\a
uxhook.sty"
Package: auxhook 2016/05/16 v1.4 Hooks for auxiliary files (HO)
)
\@linkdim=\dimen302
\Hy@linkcounter=\count165
\Hy@pagecounter=\count166

("C:\Users\Administrator\AppData\Local\Programs\MiKTeX 2.9\tex/latex/hyperref\p
d1enc.def"
File: pd1enc.def 2018/11/30 v6.88e Hyperref: PDFDocEncoding definition (HO)
)
\Hy@SavedSpaceFactor=\count167

("C:\Users\Administrator\AppData\Local\Programs\MiKTeX 2.9\tex/latex/00miktex\h
yperref.cfg"
File: hyperref.cfg 2002/06/06 v1.2 hyperref configuration of TeXLive
)
Package hyperref Info: Hyper figures OFF on input line 4519.
Package hyperref Info: Link nesting OFF on input line 4524.
Package hyperref Info: Hyper index ON on input line 4527.
Package hyperref Info: Plain pages OFF on input line 4534.
Package hyperref Info: Backreferencing OFF on input line 4539.
Package hyperref Info: Implicit mode ON; LaTeX internals redefined.
Package hyperref Info: Bookmarks ON on input line 4772.
\c@Hy@tempcnt=\count168

("C:\Users\Administrator\AppData\Local\Programs\MiKTeX 2.9\tex/latex/url\url.st
y"
\Urlmuskip=\muskip11
Package: url 2013/09/16  ver 3.4  Verb mode for urls, etc.
)
LaTeX Info: Redefining \url on input line 5125.
\XeTeXLinkMargin=\dimen303
\Fld@menulength=\count169
\Field@Width=\dimen304
\Fld@charsize=\dimen305
Package hyperref Info: Hyper figures OFF on input line 6380.
Package hyperref Info: Link nesting OFF on input line 6385.
Package hyperref Info: Hyper index ON on input line 6388.
Package hyperref Info: backreferencing OFF on input line 6395.
Package hyperref Info: Link coloring OFF on input line 6400.
Package hyperref Info: Link coloring with OCG OFF on input line 6405.
Package hyperref Info: PDF/A mode OFF on input line 6410.
LaTeX Info: Redefining \ref on input line 6450.
LaTeX Info: Redefining \pageref on input line 6454.
\Hy@abspage=\count170
\c@Item=\count171
\c@Hfootnote=\count172
)
Package hyperref Info: Driver (autodetected): hxetex.

("C:\Users\Administrator\AppData\Local\Programs\MiKTeX 2.9\tex/latex/hyperref\h
xetex.def"
File: hxetex.def 2018/11/30 v6.88e Hyperref driver for XeTeX

("C:\Users\Administrator\AppData\Local\Programs\MiKTeX 2.9\tex/latex/hyperref\p
uenc.def"
File: puenc.def 2018/11/30 v6.88e Hyperref: PDF Unicode definition (HO)
)
("C:\Users\Administrator\AppData\Local\Programs\MiKTeX 2.9\tex/generic/oberdiek
\stringenc.sty"
Package: stringenc 2016/05/16 v1.11 Convert strings between diff. encodings (HO
)
)
\pdfm@box=\box79
\c@Hy@AnnotLevel=\count173
\HyField@AnnotCount=\count174
\Fld@listcount=\count175
\c@bookmark@seq@number=\count176

("C:\Users\Administrator\AppData\Local\Programs\MiKTeX 2.9\tex/latex/oberdiek\r
erunfilecheck.sty"
Package: rerunfilecheck 2016/05/16 v1.8 Rerun checks for auxiliary files (HO)
Package uniquecounter Info: New unique counter `rerunfilecheck' on input line 2
82.
)
\Hy@SectionHShift=\skip61
)
Package hyperref Info: Option `colorlinks' set `true' on input line 31.
\c@theorem=\count177
\c@thmsub=\count178
\c@remarks=\count179

("C:\Users\Administrator\AppData\Local\Programs\MiKTeX 2.9\tex/latex/todonotes\
todonotes.sty"
Package: todonotes 2019/01/24 v1.1.2 Todonotes source and documentation.
Package: todonotes 2018/11/22

("C:\Users\Administrator\AppData\Local\Programs\MiKTeX 2.9\tex/latex/base\ifthe
n.sty"
Package: ifthen 2014/09/29 v1.1c Standard LaTeX ifthen package (DPC)
)
("C:\Users\Administrator\AppData\Local\Programs\MiKTeX 2.9\tex/latex/xkeyval\xk
eyval.sty"
Package: xkeyval 2014/12/03 v2.7a package option processing (HA)

("C:\Users\Administrator\AppData\Local\Programs\MiKTeX 2.9\tex/generic/xkeyval\
xkeyval.tex"
("C:\Users\Administrator\AppData\Local\Programs\MiKTeX 2.9\tex/generic/xkeyval\
xkvutils.tex"
\XKV@toks=\toks52
\XKV@tempa@toks=\toks53
)
\XKV@depth=\count180
File: xkeyval.tex 2014/12/03 v2.7a key=value parser (HA)
))
("C:\Users\Administrator\AppData\Local\Programs\MiKTeX 2.9\tex/generic/pgf/fron
tendlayer/tikz/libraries\tikzlibrarypositioning.code.tex"
File: tikzlibrarypositioning.code.tex 2019/01/05 v3.1 (3.1)
)
("C:\Users\Administrator\AppData\Local\Programs\MiKTeX 2.9\tex/generic/pgf/fron
tendlayer/tikz/libraries\tikzlibraryshadows.code.tex"
File: tikzlibraryshadows.code.tex 2019/01/05 v3.1 (3.1)

("C:\Users\Administrator\AppData\Local\Programs\MiKTeX 2.9\tex/generic/pgf/fron
tendlayer/tikz/libraries\tikzlibraryfadings.code.tex"
File: tikzlibraryfadings.code.tex 2019/01/05 v3.1 (3.1)

("C:\Users\Administrator\AppData\Local\Programs\MiKTeX 2.9\tex/generic/pgf/libr
aries\pgflibraryfadings.code.tex"
File: pgflibraryfadings.code.tex 2019/01/05 v3.1 (3.1)
)))
\c@@todonotes@numberoftodonotes=\count181
) (affinepaving.aux)
\openout1 = `affinepaving.aux'.

LaTeX Font Info:    Checking defaults for OML/cmm/m/it on input line 131.
LaTeX Font Info:    ... okay on input line 131.
LaTeX Font Info:    Checking defaults for T1/cmr/m/n on input line 131.
LaTeX Font Info:    ... okay on input line 131.
LaTeX Font Info:    Checking defaults for OT1/cmr/m/n on input line 131.
LaTeX Font Info:    ... okay on input line 131.
LaTeX Font Info:    Checking defaults for OMS/cmsy/m/n on input line 131.
LaTeX Font Info:    ... okay on input line 131.
LaTeX Font Info:    Checking defaults for TU/lmr/m/n on input line 131.
LaTeX Font Info:    ... okay on input line 131.
LaTeX Font Info:    Checking defaults for OMX/cmex/m/n on input line 131.
LaTeX Font Info:    ... okay on input line 131.
LaTeX Font Info:    Checking defaults for U/cmr/m/n on input line 131.
LaTeX Font Info:    ... okay on input line 131.
LaTeX Font Info:    Checking defaults for PD1/pdf/m/n on input line 131.
LaTeX Font Info:    ... okay on input line 131.
LaTeX Font Info:    Checking defaults for PU/pdf/m/n on input line 131.
LaTeX Font Info:    ... okay on input line 131.
LaTeX Font Info:    Try loading font information for U+msa on input line 131.

("C:\Users\Administrator\AppData\Local\Programs\MiKTeX 2.9\tex/latex/amsfonts\u
msa.fd"
File: umsa.fd 2013/01/14 v3.01 AMS symbols A
)
LaTeX Font Info:    Try loading font information for U+msb on input line 131.

("C:\Users\Administrator\AppData\Local\Programs\MiKTeX 2.9\tex/latex/amsfonts\u
msb.fd"
File: umsb.fd 2013/01/14 v3.01 AMS symbols B
)
LaTeX Font Info:    Try loading font information for U+rsfs on input line 131.

("C:\Users\Administrator\AppData\Local\Programs\MiKTeX 2.9\tex/latex/jknappen\u
rsfs.fd"
File: ursfs.fd 1998/03/24 rsfs font definition file (jk)
)
Package caption Info: Begin \AtBeginDocument code.
Package caption Info: float package is loaded.
Package caption Info: hyperref package is loaded.
Package caption Info: End \AtBeginDocument code.
Package xypdf Info: Line width: 0.43799pt on input line 131.

*geometry* detected driver: pdftex
*geometry* verbose mode - [ preamble ] result:
* driver: pdftex
* paper: a4paper
* layout: <same size as paper>
* layoutoffset:(h,v)=(0.0pt,0.0pt)
* modes: twoside 
* h-part:(L,W,R)=(85.35826pt, 426.79135pt, 85.35826pt)
* v-part:(T,H,B)=(101.40665pt, 591.5302pt, 152.11pt)
* \paperwidth=597.50787pt
* \paperheight=845.04684pt
* \textwidth=426.79135pt
* \textheight=591.5302pt
* \oddsidemargin=13.08827pt
* \evensidemargin=13.08827pt
* \topmargin=7.13666pt
* \headheight=8.0pt
* \headsep=14.0pt
* \topskip=10.0pt
* \footskip=12.0pt
* \marginparwidth=71.13188pt
* \marginparsep=11.0pt
* \columnsep=10.0pt
* \skip\footins=7.0pt plus 11.0pt
* \hoffset=0.0pt
* \voffset=0.0pt
* \mag=1000
* \@twocolumnfalse
* \@twosidetrue
* \@mparswitchtrue
* \@reversemarginfalse
* (1in=72.27pt=25.4mm, 1cm=28.453pt)

ABD: EveryShipout initializing macros
\AtBeginShipoutBox=\box80
Package hyperref Info: Link coloring ON on input line 131.

("C:\Users\Administrator\AppData\Local\Programs\MiKTeX 2.9\tex/latex/hyperref\n
ameref.sty"
Package: nameref 2016/05/21 v2.44 Cross-referencing by name of section

("C:\Users\Administrator\AppData\Local\Programs\MiKTeX 2.9\tex/generic/oberdiek
\gettitlestring.sty"
Package: gettitlestring 2016/05/16 v1.5 Cleanup title references (HO)
)
\c@section@level=\count182
)
LaTeX Info: Redefining \ref on input line 131.
LaTeX Info: Redefining \pageref on input line 131.
LaTeX Info: Redefining \nameref on input line 131.
 (affinepaving.out) (affinepaving.out)
\@outlinefile=\write5
\openout5 = `affinepaving.out'.


Overfull \hbox (17.64975pt too wide) in paragraph at lines 149--151
\TU/lmr/m/n/9 Cerulli-Irelli–Esposito–Franzen–Reineke and Maksimau as well as t
echniques from Auslander–
 []

(affinepaving.toc)
\tf@toc=\write6
\openout6 = `affinepaving.toc'.


("C:\Users\Administrator\AppData\Local\Programs\MiKTeX 2.9\tex/generic/oberdiek
\se-ascii-print.def"
File: se-ascii-print.def 2016/05/16 v1.11 stringenc: Printable ASCII characters

) [1]
Underfull \vbox (badness 2726) has occurred while \output is active []

 [2]
[3]

Package hyperref Warning: Token not allowed in a PDF string (Unicode):
(hyperref)                removing `math shift' on input line 296.


Package hyperref Warning: Token not allowed in a PDF string (Unicode):
(hyperref)                removing `\Phi' on input line 296.


Package hyperref Warning: Token not allowed in a PDF string (Unicode):
(hyperref)                removing `math shift' on input line 296.

File: figures/bigpic.pdf Graphic file (type pdf)
<use figures/bigpic.pdf>
File: figures/bigpic2.pdf Graphic file (type pdf)
<use figures/bigpic2.pdf>
[4] [5] [6] [7]
Overfull \hbox (17.09554pt too wide) in paragraph at lines 535--537
\TU/lmr/m/n/10.95 By Lemma [][]2.17[][] ([][]1[][]) and ([][]5[][]), $[][]\OT1/
cmr/m/n/10.95 (^^H(\OML/cmm/m/it/10.95 S\OT1/cmr/m/n/10.95 )\OML/cmm/m/it/10.95
 =W; T\OT1/cmr/m/n/10.95 )$ \TU/lmr/m/n/10.95 and $[][]\OT1/cmr/m/n/10.95 (^^H(
\OML/cmm/m/it/10.95 S\OT1/cmr/m/n/10.95 )\OML/cmm/m/it/10.95 ; T\OT1/cmr/m/n/10
.95 )$ \TU/lmr/m/n/10.95 are both $\OT1/cmr/m/n/10.95 0$\TU/lmr/m/n/10.95 , so 
$[][]\OT1/cmr/m/n/10.95 (\OML/cmm/m/it/10.95 W; T\OT1/cmr/m/n/10.95 ) =
 []

[8] [9]
Overfull \hbox (48.49197pt too wide) in paragraph at lines 647--648
[]\TU/lmr/m/n/10.95 By using the long exact sequence of extension groups and th
e fact that $[][]\OT1/cmr/m/n/10.95 (^^H(\OML/cmm/m/it/10.95 S\OT1/cmr/m/n/10.9
5 )\OML/cmm/m/it/10.95 =W; \OT1/cmr/m/n/10.95 ^^H(\OML/cmm/m/it/10.95 X\OT1/cmr
/m/n/10.95 )) =
 []


Overfull \hbox (17.63919pt too wide) detected at line 678
 [] \OMS/cmsy/m/n/10.95 ! [][]   [] ! [][]   [] ^^H  [][]   [] ! [][]   [] ! []
  \OML/cmm/m/it/10.95 :
 []

[10]
Overfull \hbox (9.76743pt too wide) in paragraph at lines 738--739
[][]\TU/lmr/bx/n/10.95 Lemma 3.13. []\TU/lmr/m/it/10.95 For $\OT1/cmr/m/n/10.95
 (\OML/cmm/m/it/10.95 V; W\OT1/cmr/m/n/10.95 ) \OMS/cmsy/m/n/10.95 2 [] \OT1/cm
r/m/n/10.95 ^^I$\TU/lmr/m/it/10.95 , the preimage of $\OT1/cmr/m/n/10.95 (\OML/
cmm/m/it/10.95 V; W\OT1/cmr/m/n/10.95 )$ \TU/lmr/m/it/10.95 is a torsor of $ []
[]\OT1/cmr/m/n/10.95 (\OML/cmm/m/it/10.95 W; \OT1/cmr/m/n/10.95 ^^H(\OML/cmm/m/
it/10.95 X\OT1/cmr/m/n/10.95 )\OML/cmm/m/it/10.95 =V\OT1/cmr/m/n/10.95 )$\TU/lm
r/m/it/10.95 .
 []

[11] [12]
File: figures/E6.pdf Graphic file (type pdf)
<use figures/E6.pdf>
File: figures/E7.pdf Graphic file (type pdf)
<use figures/E7.pdf>
File: figures/E8.pdf Graphic file (type pdf)
<use figures/E8.pdf>
 [13]
File: figures/flowchart.pdf Graphic file (type pdf)
<use figures/flowchart.pdf>
 [14]
Overfull \hbox (20.04085pt too wide) in paragraph at lines 921--922
\TU/lmr/m/n/10.95 decomposable representation, irreducible morphism, Auslander–
Reiten translation, Auslander–
 []

[15]
Overfull \hbox (1.1089pt too wide) in paragraph at lines 945--1060
 [][] 
 []


Overfull \hbox (2.55482pt too wide) in paragraph at lines 1065--1066
[][]\TU/lmr/bx/n/10.95 Definition A.2 \TU/lmr/m/n/10.95 (Irreducible morphism)\
TU/lmr/bx/n/10.95 . []\TU/lmr/m/it/10.95 Given two indecomposable representatio
ns $\OML/cmm/m/it/10.95 T; T[] \OMS/cmsy/m/n/10.95 2
 []


Underfull \vbox (badness 3407) has occurred while \output is active []

 [16]
Overfull \hbox (21.41911pt too wide) in paragraph at lines 1107--1109
\TU/lmr/m/n/10.95 which is functorial for any $\OML/cmm/m/it/10.95 T; T[] \OMS/
cmsy/m/n/10.95 2 []\OT1/cmr/m/n/10.95 (\OML/cmm/m/it/10.95 R\OT1/cmr/m/n/10.95 
)$\TU/lmr/m/n/10.95 . Especially, when $\OML/cmm/m/it/10.95 T$ \TU/lmr/m/n/10.9
5 is not injective, $[][]\OT1/cmr/m/n/10.95 (\OML/cmm/m/it/10.95 T; ^^\T[]\OT1/
cmr/m/n/10.95 ) =
 []

[17] [18]
Underfull \vbox (badness 10000) has occurred while \output is active []

 [19]
File: figures/preferredimage.pdf Graphic file (type pdf)
<use figures/preferredimage.pdf>
File: figures/E6easy.pdf Graphic file (type pdf)
<use figures/E6easy.pdf>
File: figures/E7easy.pdf Graphic file (type pdf)
<use figures/E7easy.pdf>
File: figures/E8easy.pdf Graphic file (type pdf)
<use figures/E8easy.pdf>
File: figures/E8hard.pdf Graphic file (type pdf)
<use figures/E8hard.pdf>

[20] [21]
File: figures/E8graypic1.pdf Graphic file (type pdf)
<use figures/E8graypic1.pdf>
File: figures/E8graypic2.pdf Graphic file (type pdf)
<use figures/E8graypic2.pdf>
File: figures/E8graypic3.pdf Graphic file (type pdf)
<use figures/E8graypic3.pdf>
File: figures/E8graypic4.pdf Graphic file (type pdf)
<use figures/E8graypic4.pdf>
 [22] [23]
Overfull \vbox (1.21733pt too high) has occurred while \output is active []


[24] (affinepaving.bbl) [25]
Package atveryend Info: Empty hook `BeforeClearDocument' on input line 1546.
Package atveryend Info: Empty hook `AfterLastShipout' on input line 1546.
 (affinepaving.aux)
Package atveryend Info: Empty hook `AtVeryEndDocument' on input line 1546.
Package atveryend Info: Executing hook `AtEndAfterFileList' on input line 1546.

Package rerunfilecheck Info: File `affinepaving.out' has not changed.
(rerunfilecheck)             Checksum: 010430CFDDD97D2DC2187F29EFA44482.
Package atveryend Info: Empty hook `AtVeryVeryEnd' on input line 1546.
 ) 
Here is how much of TeX's memory you used:
 30195 strings out of 427748
 550644 string characters out of 3150981
 727644 words of memory out of 3000000
 33529 multiletter control sequences out of 15000+200000
 21063 words of font info for 99 fonts, out of 3000000 for 9000
 1489 hyphenation exceptions out of 8191
 61i,23n,84p,4082b,1209s stack positions out of 5000i,500n,10000p,200000b,50000s

Output written on affinepaving.pdf (25 pages).
